0 silly argv {
0 silly argv   _: [ 'bootstrap' ],
0 silly argv   lernaVersion: '4.0.0',
0 silly argv   '$0': 'C:\\Program Files\\nodejs\\node_modules\\lerna\\cli.js'
0 silly argv }
1 notice cli v4.0.0
2 verbose rootPath D:\projects\jss\nextjsonazure
3 error JSONError: Unexpected token "}" (0x7D) in JSON at position 250 while parsing near "...nextjsapp\": \"*\",\r\n  },\r\n  \"devDependenci..." in ..\basic-nextjs-azure-functions\package.json
3 error
3 error [0m [90m  9 |[39m   [32m"dependencies"[39m[33m:[39m {[0m
3 error [0m [90m 10 |[39m     [32m"@nextjsonazure/standardnextjsapp"[39m[33m:[39m [32m"*"[39m[33m,[39m[0m
3 error [0m[31m[1m>[22m[39m[90m 11 |[39m   }[33m,[39m[0m
3 error [0m [90m    |[39m   [31m[1m^[22m[39m[0m
3 error [0m [90m 12 |[39m   [32m"devDependencies"[39m[33m:[39m {[0m
3 error [0m [90m 13 |[39m   }[0m
3 error [0m [90m 14 |[39m }[0m
3 error
3 error     at parseJson (C:\Users\erwins\AppData\Roaming\nvm\v14.15.4\node_modules\lerna\node_modules\parse-json\index.js:29:21)
3 error     at parse (C:\Users\erwins\AppData\Roaming\nvm\v14.15.4\node_modules\lerna\node_modules\load-json-file\index.js:15:9)
3 error     at module.exports (C:\Users\erwins\AppData\Roaming\nvm\v14.15.4\node_modules\lerna\node_modules\load-json-file\index.js:18:47)
